2024-04-09 21:22:48 INFO  TestBase:43 - Brower Name :null
  2024-04-09 21:22:51 INFO  TestBase:48 - Application URL : https://www.bookswagon.com/login
  2024-04-09 21:22:54 INFO  TestBase:33 - Get Started now method is executing
  2024-04-09 21:24:23 INFO  TestBase:43 - Brower Name :chrome
  2024-04-09 21:24:27 INFO  TestBase:48 - Application URL : https://www.bookswagon.com/login
  2024-04-09 21:24:29 INFO  TestBase:33 - Get Started now method is executing
  2024-04-09 21:27:35 INFO  TestBase:43 - Brower Name :chrome
  2024-04-09 21:27:39 INFO  TestBase:48 - Application URL : https://www.bookswagon.com/login
  2024-04-09 21:27:41 INFO  TestBase:39 - Logging in Affiliate
  2024-04-09 21:27:44 INFO  TestBase:43 - Brower Name :chrome
  2024-04-09 21:27:46 INFO  TestBase:48 - Application URL : https://www.bookswagon.com/login
  2024-04-09 21:27:48 INFO  TestBase:39 - Logging in Affiliate
  2024-04-09 21:28:15 INFO  TestBase:43 - Brower Name :chrome
  2024-04-09 21:28:19 INFO  TestBase:48 - Application URL : https://www.bookswagon.com/login
  2024-04-09 21:28:21 INFO  TestBase:39 - Logging in Affiliate
  2024-04-09 21:28:24 INFO  TestBase:43 - Brower Name :chrome
  2024-04-09 21:28:25 INFO  TestBase:48 - Application URL : https://www.bookswagon.com/login
  2024-04-09 21:28:27 INFO  TestBase:39 - Logging in Affiliate
  2024-04-09 21:29:58 INFO  TestBase:43 - Brower Name :chrome
  2024-04-09 21:30:02 INFO  TestBase:48 - Application URL : https://www.bookswagon.com/login
  2024-04-09 21:30:04 INFO  TestBase:34 - Add address method is executing
  2024-04-09 21:30:08 INFO  TestBase:43 - Brower Name :chrome
  2024-04-09 21:30:09 INFO  TestBase:48 - Application URL : https://www.bookswagon.com/login
  2024-04-09 21:30:11 INFO  TestBase:34 - Add address method is executing
  2024-04-09 21:42:24 INFO  TestBase:43 - Brower Name :chrome
  2024-04-09 21:42:29 INFO  TestBase:48 - Application URL : https://www.bookswagon.com/login
  2024-04-09 21:42:30 INFO  TestBase:244 - Copy Rights is executing
  2024-04-09 21:43:07 INFO  TestBase:43 - Brower Name :chrome
  2024-04-09 21:43:11 INFO  TestBase:48 - Application URL : https://www.bookswagon.com/login
  2024-04-09 21:43:13 INFO  TestBase:35 - Multiple user login method
  2024-04-09 21:43:14 INFO  TestBase:43 - Brower Name :chrome
  2024-04-09 21:43:15 INFO  TestBase:48 - Application URL : https://www.bookswagon.com/login
  2024-04-09 21:43:17 INFO  TestBase:35 - Multiple user login method
  2024-04-09 21:43:18 INFO  TestBase:43 - Brower Name :chrome
  2024-04-09 21:43:20 INFO  TestBase:48 - Application URL : https://www.bookswagon.com/login
  2024-04-09 21:43:21 INFO  TestBase:35 - Multiple user login method
  2024-04-09 22:27:21 INFO  TestBase:46 - Brower Name :chrome
  2024-04-09 22:27:24 INFO  TestBase:51 - Application URL : https://www.bookswagon.com/login
  2024-04-09 22:27:26 INFO  TestBase:39 - Logging in Affiliate
  2024-04-09 22:27:37 INFO  TestBase:46 - Brower Name :chrome
  2024-04-09 22:27:38 INFO  TestBase:51 - Application URL : https://www.bookswagon.com/login
  2024-04-09 22:27:39 INFO  TestBase:39 - Logging in Affiliate
  2024-04-09 22:27:48 INFO  TestBase:46 - Brower Name :chrome
  2024-04-09 22:27:50 INFO  TestBase:51 - Application URL : https://www.bookswagon.com/login
  2024-04-09 22:27:51 INFO  TestBase:39 - Logging in Affiliate
  2024-04-09 22:28:02 INFO  TestBase:46 - Brower Name :chrome
  2024-04-09 22:28:03 INFO  TestBase:51 - Application URL : https://www.bookswagon.com/login
  2024-04-09 22:28:04 INFO  TestBase:39 - Logging in Affiliate
  2024-04-09 22:28:13 INFO  TestBase:46 - Brower Name :chrome
  2024-04-09 22:28:15 INFO  TestBase:51 - Application URL : https://www.bookswagon.com/login
  2024-04-09 22:28:16 INFO  TestBase:39 - Logging in Affiliate
  2024-04-09 22:28:18 INFO  TestBase:46 - Brower Name :chrome
  2024-04-09 22:28:19 INFO  TestBase:51 - Application URL : https://www.bookswagon.com/login
  2024-04-09 22:28:20 INFO  TestBase:39 - Logging in Affiliate
  2024-04-09 22:28:39 INFO  TestBase:46 - Brower Name :chrome
  2024-04-09 22:28:41 INFO  TestBase:51 - Application URL : https://www.bookswagon.com/login
  2024-04-09 22:28:42 INFO  TestBase:35 - Multiple user login method
  2024-04-09 22:28:43 INFO  TestBase:46 - Brower Name :chrome
  2024-04-09 22:28:44 INFO  TestBase:51 - Application URL : https://www.bookswagon.com/login
  2024-04-09 22:28:45 INFO  TestBase:35 - Multiple user login method
  2024-04-09 22:28:46 INFO  TestBase:46 - Brower Name :chrome
  2024-04-09 22:28:47 INFO  TestBase:51 - Application URL : https://www.bookswagon.com/login
  2024-04-09 22:28:48 INFO  TestBase:35 - Multiple user login method
  2024-04-09 22:34:19 INFO  TestBase:45 - Brower Name :chrome
  2024-04-09 22:34:21 INFO  TestBase:50 - Application URL : https://www.bookswagon.com/login
  2024-04-09 22:34:22 INFO  TestBase:34 - Multiple user login method
  2024-04-09 22:34:23 INFO  TestBase:45 - Brower Name :chrome
  2024-04-09 22:34:24 INFO  TestBase:50 - Application URL : https://www.bookswagon.com/login
  2024-04-09 22:34:25 INFO  TestBase:34 - Multiple user login method
  2024-04-09 22:34:26 INFO  TestBase:45 - Brower Name :chrome
  2024-04-09 22:34:27 INFO  TestBase:50 - Application URL : https://www.bookswagon.com/login
  2024-04-09 22:34:28 INFO  TestBase:34 - Multiple user login method
  2024-04-09 22:37:49 INFO  TestBase:45 - Brower Name :chrome
  2024-04-09 22:37:52 INFO  TestBase:50 - Application URL : https://www.bookswagon.com/login
  2024-04-09 22:37:53 INFO  TestBase:44 - Single user Login method running..
  2024-04-09 22:42:18 INFO  TestBase:45 - Brower Name :chrome
  2024-04-09 22:42:20 INFO  TestBase:50 - Application URL : https://www.bookswagon.com/login
  2024-04-09 22:42:21 INFO  TestBase:45 - Single user Login method running..
  2024-04-09 22:44:27 INFO  TestBase:45 - Brower Name :chrome
  2024-04-09 22:44:29 INFO  TestBase:50 - Application URL : https://www.bookswagon.com/login
  2024-04-09 22:44:31 INFO  TestBase:45 - Single user Login method running..
  2024-04-09 22:55:17 INFO  TestBase:45 - Brower Name :chrome
  2024-04-09 22:55:19 INFO  TestBase:50 - Application URL : https://www.bookswagon.com/login
  2024-04-09 22:55:21 INFO  TestBase:31 - Add address method is executing
  2024-04-09 22:55:23 INFO  TestBase:45 - Brower Name :chrome
  2024-04-09 22:55:25 INFO  TestBase:50 - Application URL : https://www.bookswagon.com/login
  2024-04-09 22:55:26 INFO  TestBase:31 - Add address method is executing
  2024-04-09 22:55:28 INFO  TestBase:45 - Brower Name :chrome
  2024-04-09 22:55:29 INFO  TestBase:50 - Application URL : https://www.bookswagon.com/login
  2024-04-09 22:55:31 INFO  TestBase:31 - Get Started now method is executing
  2024-04-09 22:55:32 INFO  TestBase:45 - Brower Name :chrome
  2024-04-09 22:55:33 INFO  TestBase:50 - Application URL : https://www.bookswagon.com/login
  2024-04-09 22:55:35 INFO  TestBase:37 - Logging in Affiliate
  2024-04-09 22:55:36 INFO  TestBase:45 - Brower Name :chrome
  2024-04-09 22:55:37 INFO  TestBase:50 - Application URL : https://www.bookswagon.com/login
  2024-04-09 22:55:39 INFO  TestBase:37 - Logging in Affiliate
  2024-04-09 22:55:40 INFO  TestBase:45 - Brower Name :chrome
  2024-04-09 22:55:41 INFO  TestBase:50 - Application URL : https://www.bookswagon.com/login
  2024-04-09 22:55:43 INFO  TestBase:43 - clicking about program
  2024-04-09 22:55:54 INFO  TestBase:45 - Brower Name :chrome
  2024-04-09 22:55:55 INFO  TestBase:50 - Application URL : https://www.bookswagon.com/login
  2024-04-09 22:55:56 INFO  TestBase:49 - Clicking Contact us
  2024-04-09 22:55:58 INFO  TestBase:45 - Brower Name :chrome
  2024-04-09 22:55:59 INFO  TestBase:50 - Application URL : https://www.bookswagon.com/login
  2024-04-09 22:56:00 INFO  TestBase:55 - Clicking payments
  2024-04-09 22:56:02 INFO  TestBase:45 - Brower Name :chrome
  2024-04-09 22:56:03 INFO  TestBase:50 - Application URL : https://www.bookswagon.com/login
  2024-04-09 22:56:04 INFO  TestBase:61 - Clicking terms and conditions
  2024-04-09 22:56:06 INFO  TestBase:45 - Brower Name :chrome
  2024-04-09 22:56:07 INFO  TestBase:50 - Application URL : https://www.bookswagon.com/login
  2024-04-09 22:56:08 INFO  TestBase:31 - Change Password method is executing
  2024-04-09 22:56:09 INFO  TestBase:45 - Brower Name :chrome
  2024-04-09 22:56:10 INFO  TestBase:50 - Application URL : https://www.bookswagon.com/login
  2024-04-09 22:56:12 INFO  TestBase:37 - Cancel Change password method is executing
  2024-04-09 22:56:14 INFO  TestBase:45 - Brower Name :chrome
  2024-04-09 22:56:15 INFO  TestBase:50 - Application URL : https://www.bookswagon.com/login
  2024-04-09 22:56:16 INFO  TestBase:39 - Click new Arrivals is executing
  2024-04-09 22:56:21 INFO  TestBase:45 - Brower Name :chrome
  2024-04-09 22:56:22 INFO  TestBase:50 - Application URL : https://www.bookswagon.com/login
  2024-04-09 22:56:24 INFO  TestBase:44 - Click Box Sets is executing
  2024-04-09 22:56:28 INFO  TestBase:45 - Brower Name :chrome
  2024-04-09 22:56:29 INFO  TestBase:50 - Application URL : https://www.bookswagon.com/login
  2024-04-09 22:56:30 INFO  TestBase:50 - Best sellers is executing
  2024-04-09 22:56:34 INFO  TestBase:45 - Brower Name :chrome
  2024-04-09 22:56:35 INFO  TestBase:50 - Application URL : https://www.bookswagon.com/login
  2024-04-09 22:56:36 INFO  TestBase:56 - Fiction Books
  2024-04-09 22:56:46 INFO  TestBase:45 - Brower Name :chrome
  2024-04-09 22:56:47 INFO  TestBase:50 - Application URL : https://www.bookswagon.com/login
  2024-04-09 22:56:48 INFO  TestBase:62 - Award Winners is executing
  2024-04-09 22:56:52 INFO  TestBase:45 - Brower Name :chrome
  2024-04-09 22:56:53 INFO  TestBase:50 - Application URL : https://www.bookswagon.com/login
  2024-04-09 22:56:54 INFO  TestBase:68 - Featured Authors is executing
  2024-04-09 22:56:57 INFO  TestBase:45 - Brower Name :chrome
  2024-04-09 22:56:58 INFO  TestBase:50 - Application URL : https://www.bookswagon.com/login
  2024-04-09 22:56:59 INFO  TestBase:74 - Today's Deal is executing
  2024-04-09 22:57:03 INFO  TestBase:45 - Brower Name :chrome
  2024-04-09 22:57:04 INFO  TestBase:50 - Application URL : https://www.bookswagon.com/login
  2024-04-09 22:57:05 INFO  TestBase:80 - Request Book is executing
  2024-04-09 22:57:09 INFO  TestBase:45 - Brower Name :chrome
  2024-04-09 22:57:10 INFO  TestBase:50 - Application URL : https://www.bookswagon.com/login
  2024-04-09 22:57:11 INFO  TestBase:86 - Personal Settings
  2024-04-09 22:57:13 INFO  TestBase:45 - Brower Name :chrome
  2024-04-09 22:57:14 INFO  TestBase:50 - Application URL : https://www.bookswagon.com/login
  2024-04-09 22:57:15 INFO  TestBase:92 - My order is executing
  2024-04-09 22:57:19 INFO  TestBase:45 - Brower Name :chrome
  2024-04-09 22:57:20 INFO  TestBase:50 - Application URL : https://www.bookswagon.com/login
  2024-04-09 22:57:21 INFO  TestBase:98 - Wish list is executing
  2024-04-09 22:57:25 INFO  TestBase:45 - Brower Name :chrome
  2024-04-09 22:57:26 INFO  TestBase:50 - Application URL : https://www.bookswagon.com/login
  2024-04-09 22:57:27 INFO  TestBase:104 - gift certificates is executing
  2024-04-09 22:57:30 INFO  TestBase:45 - Brower Name :chrome
  2024-04-09 22:57:31 INFO  TestBase:50 - Application URL : https://www.bookswagon.com/login
  2024-04-09 22:57:33 INFO  TestBase:110 - My address is executing
  2024-04-09 22:57:36 INFO  TestBase:45 - Brower Name :chrome
  2024-04-09 22:57:37 INFO  TestBase:50 - Application URL : https://www.bookswagon.com/login
  2024-04-09 22:57:38 INFO  TestBase:116 - Change Password is executing
  2024-04-09 22:57:42 INFO  TestBase:45 - Brower Name :chrome
  2024-04-09 22:57:43 INFO  TestBase:50 - Application URL : https://www.bookswagon.com/login
  2024-04-09 22:57:44 INFO  TestBase:122 - add to wish list is executing
  2024-04-09 22:57:47 INFO  TestBase:45 - Brower Name :chrome
  2024-04-09 22:57:49 INFO  TestBase:50 - Application URL : https://www.bookswagon.com/login
  2024-04-09 22:57:50 INFO  TestBase:128 - click cart is executing
  2024-04-09 22:57:51 INFO  TestBase:45 - Brower Name :chrome
  2024-04-09 22:57:52 INFO  TestBase:50 - Application URL : https://www.bookswagon.com/login
  2024-04-09 22:57:53 INFO  TestBase:134 - click about us is executing
  2024-04-09 22:57:57 INFO  TestBase:45 - Brower Name :chrome
  2024-04-09 22:57:58 INFO  TestBase:50 - Application URL : https://www.bookswagon.com/login
  2024-04-09 22:57:59 INFO  TestBase:140 - career is is executing
  2024-04-09 22:58:03 INFO  TestBase:45 - Brower Name :chrome
  2024-04-09 22:58:04 INFO  TestBase:50 - Application URL : https://www.bookswagon.com/login
  2024-04-09 22:58:05 INFO  TestBase:145 - Blog is executing
  2024-04-09 22:58:08 INFO  TestBase:45 - Brower Name :chrome
  2024-04-09 22:58:09 INFO  TestBase:50 - Application URL : https://www.bookswagon.com/login
  2024-04-09 22:58:10 INFO  TestBase:150 - Contact us is executing 
  2024-04-09 22:58:14 INFO  TestBase:45 - Brower Name :chrome
  2024-04-09 22:58:15 INFO  TestBase:50 - Application URL : https://www.bookswagon.com/login
  2024-04-09 22:58:16 INFO  TestBase:156 - Privacy policies is executing
  2024-04-09 22:58:20 INFO  TestBase:45 - Brower Name :chrome
  2024-04-09 22:58:21 INFO  TestBase:50 - Application URL : https://www.bookswagon.com/login
  2024-04-09 22:58:22 INFO  TestBase:162 - Terms of use is executing
  2024-04-09 22:58:25 INFO  TestBase:45 - Brower Name :chrome
  2024-04-09 22:58:26 INFO  TestBase:50 - Application URL : https://www.bookswagon.com/login
  2024-04-09 22:58:27 INFO  TestBase:168 - Copy right is executing
  2024-04-09 22:58:29 INFO  TestBase:45 - Brower Name :chrome
  2024-04-09 22:58:30 INFO  TestBase:50 - Application URL : https://www.bookswagon.com/login
  2024-04-09 22:58:31 INFO  TestBase:174 - Secure shopping is executing
  2024-04-09 22:58:34 INFO  TestBase:45 - Brower Name :chrome
  2024-04-09 22:58:35 INFO  TestBase:50 - Application URL : https://www.bookswagon.com/login
  2024-04-09 22:58:37 INFO  TestBase:180 - Payment is executing
  2024-04-09 22:58:40 INFO  TestBase:45 - Brower Name :chrome
  2024-04-09 22:58:41 INFO  TestBase:50 - Application URL : https://www.bookswagon.com/login
  2024-04-09 22:58:43 INFO  TestBase:186 - Shipping is executing
  2024-04-09 22:58:46 INFO  TestBase:45 - Brower Name :chrome
  2024-04-09 22:58:47 INFO  TestBase:50 - Application URL : https://www.bookswagon.com/login
  2024-04-09 22:58:48 INFO  TestBase:191 - Returns is executing
  2024-04-09 22:58:52 INFO  TestBase:45 - Brower Name :chrome
  2024-04-09 22:58:53 INFO  TestBase:50 - Application URL : https://www.bookswagon.com/login
  2024-04-09 22:58:54 INFO  TestBase:197 - Faq is executing
  2024-04-09 22:58:58 INFO  TestBase:45 - Brower Name :chrome
  2024-04-09 22:58:59 INFO  TestBase:50 - Application URL : https://www.bookswagon.com/login
  2024-04-09 22:59:00 INFO  TestBase:203 - Affiliate is executing
  2024-04-09 22:59:04 INFO  TestBase:45 - Brower Name :chrome
  2024-04-09 22:59:05 INFO  TestBase:50 - Application URL : https://www.bookswagon.com/login
  2024-04-09 22:59:06 INFO  TestBase:209 - Sitemap is executing
  2024-04-09 22:59:12 INFO  TestBase:45 - Brower Name :chrome
  2024-04-09 22:59:13 INFO  TestBase:50 - Application URL : https://www.bookswagon.com/login
  2024-04-09 22:59:14 INFO  TestBase:215 - Facebook is executing
  2024-04-09 22:59:18 INFO  TestBase:45 - Brower Name :chrome
  2024-04-09 22:59:19 INFO  TestBase:50 - Application URL : https://www.bookswagon.com/login
  2024-04-09 22:59:20 INFO  TestBase:221 - Twitter is executing
  2024-04-09 22:59:23 INFO  TestBase:45 - Brower Name :chrome
  2024-04-09 22:59:24 INFO  TestBase:50 - Application URL : https://www.bookswagon.com/login
  2024-04-09 22:59:28 INFO  TestBase:226 - Linked in is executing
  2024-04-09 22:59:31 INFO  TestBase:45 - Brower Name :chrome
  2024-04-09 22:59:32 INFO  TestBase:50 - Application URL : https://www.bookswagon.com/login
  2024-04-09 22:59:34 INFO  TestBase:231 - Pinterest is executing
  2024-04-09 22:59:37 INFO  TestBase:45 - Brower Name :chrome
  2024-04-09 22:59:38 INFO  TestBase:50 - Application URL : https://www.bookswagon.com/login
  2024-04-09 22:59:40 INFO  TestBase:236 - Instagram is executing
  2024-04-09 22:59:43 INFO  TestBase:45 - Brower Name :chrome
  2024-04-09 22:59:44 INFO  TestBase:50 - Application URL : https://www.bookswagon.com/login
  2024-04-09 22:59:47 INFO  TestBase:242 - Copy Rights is executing
  2024-04-09 22:59:50 INFO  TestBase:45 - Brower Name :chrome
  2024-04-09 22:59:51 INFO  TestBase:50 - Application URL : https://www.bookswagon.com/login
  2024-04-09 22:59:52 INFO  TestBase:32 - Search books method is executing
  2024-04-09 23:00:00 INFO  TestBase:45 - Brower Name :chrome
  2024-04-09 23:00:01 INFO  TestBase:50 - Application URL : https://www.bookswagon.com/login
  2024-04-09 23:00:02 INFO  TestBase:32 - Search books method is executing
  2024-04-09 23:00:09 INFO  TestBase:45 - Brower Name :chrome
  2024-04-09 23:00:10 INFO  TestBase:50 - Application URL : https://www.bookswagon.com/login
  2024-04-09 23:00:11 INFO  TestBase:32 - Search books method is executing
  2024-04-09 23:00:18 INFO  TestBase:45 - Brower Name :chrome
  2024-04-09 23:00:19 INFO  TestBase:50 - Application URL : https://www.bookswagon.com/login
  2024-04-09 23:00:20 INFO  TestBase:45 - Single user Login method running..
  2024-04-09 23:00:22 INFO  TestBase:45 - Brower Name :chrome
  2024-04-09 23:00:23 INFO  TestBase:50 - Application URL : https://www.bookswagon.com/login
  2024-04-09 23:00:24 INFO  TestBase:35 - Multiple user login method
  2024-04-09 23:00:25 INFO  TestBase:45 - Brower Name :chrome
  2024-04-09 23:00:26 INFO  TestBase:50 - Application URL : https://www.bookswagon.com/login
  2024-04-09 23:00:28 INFO  TestBase:35 - Multiple user login method
  2024-04-09 23:00:29 INFO  TestBase:45 - Brower Name :chrome
  2024-04-09 23:00:30 INFO  TestBase:50 - Application URL : https://www.bookswagon.com/login
  2024-04-09 23:00:31 INFO  TestBase:35 - Multiple user login method
  